<?xml version="1.0" encoding="UTF-8" ?>
<testsuite tests="29" failures="0" name="TestSteps.AcceptanceTest" time="0.367" errors="0" skipped="0">
  <properties>
[...]
</properties>
  <testcase classname="appointments and visits for the customer" name="Add appointment" time="0.175"/>
  <testcase classname="appointments and visits for the customer" name="Fail appointment already exist" time="0.005"/>
  <testcase classname="appointments and visits for the customer" name="Fail Add appointment wrong date #1" time="0.008"/>
  <testcase classname="appointments and visits for the customer" name="Fail Add appointment wrong date #2" time="0.008"/>
  <testcase classname="appointments and visits for the customer" name="Fail Add appointment wrong date #3" time="0.008"/>
  <testcase classname="appointments and visits for the customer" name="Fail Add appointment wrong date #4" time="0.016"/>
  <testcase classname="appointments and visits for the customer" name="Fail Add appointment wrong date #5" time="0.007"/>
  <testcase classname="appointments and visits for the customer" name="Fail Add appointment wrong date #6" time="0.006"/>
  <testcase classname="appointments and visits for the customer" name="Fail Add appointment wrong time #1" time="0.006"/>
  <testcase classname="appointments and visits for the customer" name="Fail Add appointment wrong time #2" time="0.006"/>
  <testcase classname="appointments and visits for the customer" name="Fail Add appointment wrong time #3" time="0.006"/>
  <testcase classname="appointments and visits for the customer" name="Fail Add appointment wrong time #4" time="0.006"/>
  <testcase classname="appointments and visits for the customer" name=": success Delete the appointment" time="0.006"/>
  <testcase classname="appointments and visits for the customer" name=": Success update for Appointment" time="0.006"/>
  <testcase classname="appointments and visits for the customer" name=": Fail update for Appointment #1" time="0.006"/>
  <testcase classname="appointments and visits for the customer" name=": Fail update for Appointment #2" time="0.01"/>
  <testcase classname="appointments and visits for the customer" name=": Fail update for Appointment #3" time="0.008"/>
  <testcase classname="appointments and visits for the customer" name=": Fail update for Appointment #4" time="0.007"/>
  <testcase classname="login" name="user login successfully" time="0.011"/>
  <testcase classname="login" name="user enters wrong username" time="0.006"/>
  <testcase classname="login" name="user enters wrong password" time="0.005"/>
  <testcase classname="login" name="admin login successfully" time="0.005"/>
  <testcase classname="Register" name="user create account successfully" time="0.006"/>
  <testcase classname="Register" name="user enters used username" time="0.006"/>
  <testcase classname="Register" name="user enters used email" time="0.005"/>
  <testcase classname="Register" name="user enters used phone" time="0.005"/>
  <testcase classname="invoice" name="billing" time="0.007"/>
  <testcase classname="invoice" name="no visit" time="0.005"/>
  <testcase classname="convert appointment to visit" name="user arrives at clinic" time="0.006"/>
</testsuite>